<?xml version="1.0" encoding="UTF-8"?>
<testsuite xmlns:xsi="http://www.w3.org/2001/XMLSchema-instance" xsi:noNamespaceSchemaLocation="https://maven.apache.org/surefire/maven-surefire-plugin/xsd/surefire-test-report-3.0.xsd" version="3.0" name="com.example.awslabs.service.STSServiceTest" time="0.427" tests="1" errors="0" skipped="0" failures="0">
  <properties>
[...]
</properties>
  <testcase name="testAssumeRole" classname="com.example.awslabs.service.STSServiceTest" time="0.422">
    <system-out><![CDATA[14:24:17.283 [main] INFO com.example.awslabs.service.STSService -- Temporary Credentials:
14:24:17.283 [main] INFO com.example.awslabs.service.STSService -- AccessKeyId: testAccessKeyId
14:24:17.284 [main] INFO com.example.awslabs.service.STSService -- SecretAccessKey: testSecretAccessKey
14:24:17.284 [main] INFO com.example.awslabs.service.STSService -- SessionToken: testSessionToken
14:24:17.284 [main] INFO com.example.awslabs.service.STSService -- Expiration: 2025-09-30T08:54:17.244729Z
]]></system-out>
  </testcase>
</testsuite>